2022/07/27 12:52:40 [notice] 1#1: using the "epoll" event method
2022/07/27 12:52:40 [notice] 1#1: nginx/1.23.1
2022/07/27 12:52:40 [notice] 1#1: built by gcc 10.2.1 20210110 (Debian 10.2.1-6) 
2022/07/27 12:52:40 [notice] 1#1: OS: Linux 5.10.104-linuxkit
2022/07/27 12:52:40 [notice] 1#1: getrlimit(RLIMIT_NOFILE): 1048576:1048576
2022/07/27 12:52:40 [notice] 1#1: start worker processes
2022/07/27 12:52:40 [notice] 1#1: start worker process 31
2022/07/27 12:52:40 [notice] 1#1: start worker process 32
2022/07/27 12:52:40 [notice] 1#1: start worker process 33
2022/07/27 12:52:40 [notice] 1#1: start worker process 34
2022/07/27 12:53:05 [notice] 1#1: signal 3 (SIGQUIT) received, shutting down
2022/07/27 12:53:05 [notice] 31#31: gracefully shutting down
2022/07/27 12:53:05 [notice] 32#32: gracefully shutting down
2022/07/27 12:53:05 [notice] 33#33: gracefully shutting down
2022/07/27 12:53:05 [notice] 34#34: gracefully shutting down
2022/07/27 12:53:05 [notice] 31#31: exiting
2022/07/27 12:53:05 [notice] 32#32: exiting
2022/07/27 12:53:05 [notice] 33#33: exiting
2022/07/27 12:53:05 [notice] 34#34: exiting
2022/07/27 12:53:05 [notice] 34#34: exit
2022/07/27 12:53:05 [notice] 31#31: exit
2022/07/27 12:53:05 [notice] 32#32: exit
2022/07/27 12:53:05 [notice] 33#33: exit
2022/07/27 12:53:05 [notice] 1#1: signal 17 (SIGCHLD) received from 34
2022/07/27 12:53:05 [notice] 1#1: worker process 34 exited with code 0
2022/07/27 12:53:05 [notice] 1#1: signal 29 (SIGIO) received
2022/07/27 12:53:05 [notice] 1#1: signal 17 (SIGCHLD) received from 33
2022/07/27 12:53:05 [notice] 1#1: worker process 32 exited with code 0
2022/07/27 12:53:05 [notice] 1#1: worker process 33 exited with code 0
2022/07/27 12:53:05 [notice] 1#1: worker process 31 exited with code 0
2022/07/27 12:53:05 [notice] 1#1: exit
2022/07/27 12:53:09 [notice] 1#1: using the "epoll" event method
2022/07/27 12:53:09 [notice] 1#1: nginx/1.23.1
2022/07/27 12:53:09 [notice] 1#1: built by gcc 10.2.1 20210110 (Debian 10.2.1-6) 
2022/07/27 12:53:09 [notice] 1#1: OS: Linux 5.10.104-linuxkit
2022/07/27 12:53:09 [notice] 1#1: getrlimit(RLIMIT_NOFILE): 1048576:1048576
2022/07/27 12:53:09 [notice] 1#1: start worker processes
2022/07/27 12:53:09 [notice] 1#1: start worker process 24
2022/07/27 12:53:09 [notice] 1#1: start worker process 25
2022/07/27 12:53:09 [notice] 1#1: start worker process 26
2022/07/27 12:53:09 [notice] 1#1: start worker process 27
2022/07/27 12:54:47 [error] 24#24: *1 "/www/index.php" is not found (2: No such file or directory), client: 172.22.0.1, server: 127.0.0.1, request: "GET / HTTP/1.1", host: "127.0.0.1"
2022/07/27 12:54:48 [error] 24#24: *1 "/www/index.php" is not found (2: No such file or directory), client: 172.22.0.1, server: 127.0.0.1, request: "GET / HTTP/1.1", host: "127.0.0.1"
2022/07/27 12:54:49 [error] 24#24: *1 "/www/index.php" is not found (2: No such file or directory), client: 172.22.0.1, server: 127.0.0.1, request: "GET / HTTP/1.1", host: "127.0.0.1"
2022/07/27 12:54:57 [error] 24#24: *1 "/www/index.php" is not found (2: No such file or directory), client: 172.22.0.1, server: 127.0.0.1, request: "GET / HTTP/1.1", host: "127.0.0.1"
2022/07/27 12:54:58 [error] 24#24: *1 "/www/index.php" is not found (2: No such file or directory), client: 172.22.0.1, server: 127.0.0.1, request: "GET / HTTP/1.1", host: "127.0.0.1"
2022/07/27 12:55:07 [error] 24#24: *1 "/www/index.php" is not found (2: No such file or directory), client: 172.22.0.1, server: 127.0.0.1, request: "GET / HTTP/1.1", host: "127.0.0.1"
2022/07/27 12:55:36 [notice] 1#1: signal 3 (SIGQUIT) received, shutting down
2022/07/27 12:55:36 [notice] 24#24: gracefully shutting down
2022/07/27 12:55:36 [notice] 25#25: gracefully shutting down
2022/07/27 12:55:36 [notice] 27#27: gracefully shutting down
2022/07/27 12:55:36 [notice] 26#26: gracefully shutting down
2022/07/27 12:55:36 [notice] 24#24: exiting
2022/07/27 12:55:36 [notice] 24#24: exit
2022/07/27 12:55:36 [notice] 25#25: exiting
2022/07/27 12:55:36 [notice] 27#27: exiting
2022/07/27 12:55:36 [notice] 25#25: exit
2022/07/27 12:55:36 [notice] 27#27: exit
2022/07/27 12:55:36 [notice] 1#1: signal 17 (SIGCHLD) received from 24
2022/07/27 12:55:36 [notice] 1#1: worker process 24 exited with code 0
2022/07/27 12:55:36 [notice] 1#1: signal 29 (SIGIO) received
2022/07/27 12:55:36 [notice] 1#1: signal 17 (SIGCHLD) received from 25
2022/07/27 12:55:36 [notice] 1#1: worker process 25 exited with code 0
2022/07/27 12:55:36 [notice] 1#1: signal 29 (SIGIO) received
2022/07/27 12:55:36 [notice] 1#1: signal 17 (SIGCHLD) received from 27
2022/07/27 12:55:36 [notice] 1#1: worker process 27 exited with code 0
2022/07/27 12:55:36 [notice] 1#1: signal 29 (SIGIO) received
2022/07/27 12:55:39 [notice] 1#1: using the "epoll" event method
2022/07/27 12:55:39 [notice] 1#1: nginx/1.23.1
2022/07/27 12:55:39 [notice] 1#1: built by gcc 10.2.1 20210110 (Debian 10.2.1-6) 
2022/07/27 12:55:39 [notice] 1#1: OS: Linux 5.10.104-linuxkit
2022/07/27 12:55:39 [notice] 1#1: getrlimit(RLIMIT_NOFILE): 1048576:1048576
2022/07/27 12:55:39 [notice] 1#1: start worker processes
2022/07/27 12:55:39 [notice] 1#1: start worker process 31
2022/07/27 12:55:39 [notice] 1#1: start worker process 32
2022/07/27 12:55:39 [notice] 1#1: start worker process 33
2022/07/27 12:55:39 [notice] 1#1: start worker process 34
2022/07/27 12:55:40 [error] 31#31: *2 "/www/index.php" is not found (2: No such file or directory), client: 172.22.0.1, server: 127.0.0.1, request: "GET / HTTP/1.1", host: "127.0.0.1"
2022/07/27 12:55:41 [error] 31#31: *2 "/www/index.php" is not found (2: No such file or directory), client: 172.22.0.1, server: 127.0.0.1, request: "GET / HTTP/1.1", host: "127.0.0.1"
2022/07/27 12:56:12 [notice] 1#1: signal 3 (SIGQUIT) received, shutting down
2022/07/27 12:56:12 [notice] 32#32: gracefully shutting down
2022/07/27 12:56:12 [notice] 33#33: gracefully shutting down
2022/07/27 12:56:12 [notice] 31#31: gracefully shutting down
2022/07/27 12:56:12 [notice] 34#34: gracefully shutting down
2022/07/27 12:56:12 [notice] 32#32: exiting
2022/07/27 12:56:12 [notice] 33#33: exiting
2022/07/27 12:56:12 [notice] 34#34: exiting
2022/07/27 12:56:12 [notice] 32#32: exit
2022/07/27 12:56:12 [notice] 33#33: exit
2022/07/27 12:56:12 [notice] 34#34: exit
2022/07/27 12:56:12 [notice] 1#1: signal 17 (SIGCHLD) received from 32
2022/07/27 12:56:12 [notice] 1#1: worker process 32 exited with code 0
2022/07/27 12:56:12 [notice] 1#1: worker process 33 exited with code 0
2022/07/27 12:56:12 [notice] 1#1: worker process 34 exited with code 0
2022/07/27 12:56:12 [notice] 1#1: signal 29 (SIGIO) received
2022/07/27 12:56:27 [notice] 1#1: using the "epoll" event method
2022/07/27 12:56:27 [notice] 1#1: nginx/1.23.1
2022/07/27 12:56:27 [notice] 1#1: built by gcc 10.2.1 20210110 (Debian 10.2.1-6) 
2022/07/27 12:56:27 [notice] 1#1: OS: Linux 5.10.104-linuxkit
2022/07/27 12:56:27 [notice] 1#1: getrlimit(RLIMIT_NOFILE): 1048576:1048576
2022/07/27 12:56:27 [notice] 1#1: start worker processes
2022/07/27 12:56:27 [notice] 1#1: start worker process 24
2022/07/27 12:56:27 [notice] 1#1: start worker process 25
2022/07/27 12:56:27 [notice] 1#1: start worker process 26
2022/07/27 12:56:27 [notice] 1#1: start worker process 27
2022/07/27 13:03:38 [notice] 1#1: signal 3 (SIGQUIT) received, shutting down
2022/07/27 13:03:38 [notice] 24#24: gracefully shutting down
2022/07/27 13:03:38 [notice] 26#26: gracefully shutting down
2022/07/27 13:03:38 [notice] 25#25: gracefully shutting down
2022/07/27 13:03:38 [notice] 27#27: gracefully shutting down
2022/07/27 13:03:38 [notice] 24#24: exiting
2022/07/27 13:03:38 [notice] 26#26: exiting
2022/07/27 13:03:38 [notice] 25#25: exiting
2022/07/27 13:03:38 [notice] 25#25: exit
2022/07/27 13:03:38 [notice] 27#27: exiting
2022/07/27 13:03:38 [notice] 24#24: exit
2022/07/27 13:03:38 [notice] 26#26: exit
2022/07/27 13:03:38 [notice] 27#27: exit
2022/07/27 13:03:38 [notice] 1#1: signal 17 (SIGCHLD) received from 25
2022/07/27 13:03:38 [notice] 1#1: worker process 25 exited with code 0
2022/07/27 13:03:38 [notice] 1#1: signal 29 (SIGIO) received
2022/07/27 13:03:38 [notice] 1#1: signal 17 (SIGCHLD) received from 26
2022/07/27 13:03:38 [notice] 1#1: worker process 24 exited with code 0
2022/07/27 13:03:38 [notice] 1#1: worker process 26 exited with code 0
2022/07/27 13:03:38 [notice] 1#1: signal 17 (SIGCHLD) received from 27
2022/07/27 13:03:38 [notice] 1#1: worker process 27 exited with code 0
2022/07/27 13:03:38 [notice] 1#1: exit
2022/07/27 13:03:47 [notice] 1#1: using the "epoll" event method
2022/07/27 13:03:47 [notice] 1#1: nginx/1.23.1
2022/07/27 13:03:47 [notice] 1#1: built by gcc 10.2.1 20210110 (Debian 10.2.1-6) 
2022/07/27 13:03:47 [notice] 1#1: OS: Linux 5.10.104-linuxkit
2022/07/27 13:03:47 [notice] 1#1: getrlimit(RLIMIT_NOFILE): 1048576:1048576
2022/07/27 13:03:47 [notice] 1#1: start worker processes
2022/07/27 13:03:47 [notice] 1#1: start worker process 31
2022/07/27 13:03:47 [notice] 1#1: start worker process 32
2022/07/27 13:03:47 [notice] 1#1: start worker process 33
2022/07/27 13:03:47 [notice] 1#1: start worker process 34
2022/07/27 13:04:01 [notice] 1#1: signal 3 (SIGQUIT) received, shutting down
2022/07/27 13:04:01 [notice] 31#31: gracefully shutting down
2022/07/27 13:04:01 [notice] 32#32: gracefully shutting down
2022/07/27 13:04:01 [notice] 33#33: gracefully shutting down
2022/07/27 13:04:01 [notice] 33#33: exiting
2022/07/27 13:04:01 [notice] 34#34: gracefully shutting down
2022/07/27 13:04:01 [notice] 31#31: exiting
2022/07/27 13:04:01 [notice] 32#32: exiting
2022/07/27 13:04:01 [notice] 33#33: exit
2022/07/27 13:04:01 [notice] 34#34: exiting
2022/07/27 13:04:01 [notice] 31#31: exit
2022/07/27 13:04:01 [notice] 32#32: exit
2022/07/27 13:04:01 [notice] 34#34: exit
2022/07/27 13:04:01 [notice] 1#1: signal 17 (SIGCHLD) received from 33
2022/07/27 13:04:01 [notice] 1#1: worker process 31 exited with code 0
2022/07/27 13:04:01 [notice] 1#1: worker process 33 exited with code 0
2022/07/27 13:04:01 [notice] 1#1: signal 29 (SIGIO) received
2022/07/27 13:04:01 [notice] 1#1: signal 17 (SIGCHLD) received from 31
2022/07/27 13:04:01 [notice] 1#1: signal 17 (SIGCHLD) received from 32
2022/07/27 13:04:01 [notice] 1#1: worker process 32 exited with code 0
2022/07/27 13:04:01 [notice] 1#1: worker process 34 exited with code 0
2022/07/27 13:04:01 [notice] 1#1: exit
2022/07/27 13:04:29 [notice] 1#1: using the "epoll" event method
2022/07/27 13:04:29 [notice] 1#1: nginx/1.23.1
2022/07/27 13:04:29 [notice] 1#1: built by gcc 10.2.1 20210110 (Debian 10.2.1-6) 
2022/07/27 13:04:29 [notice] 1#1: OS: Linux 5.10.104-linuxkit
2022/07/27 13:04:29 [notice] 1#1: getrlimit(RLIMIT_NOFILE): 1048576:1048576
2022/07/27 13:04:29 [notice] 1#1: start worker processes
2022/07/27 13:04:29 [notice] 1#1: start worker process 32
2022/07/27 13:04:29 [notice] 1#1: start worker process 33
2022/07/27 13:04:29 [notice] 1#1: start worker process 34
2022/07/27 13:04:29 [notice] 1#1: start worker process 35
2022/07/27 13:05:45 [notice] 1#1: signal 3 (SIGQUIT) received, shutting down
2022/07/27 13:05:45 [notice] 32#32: gracefully shutting down
2022/07/27 13:05:45 [notice] 34#34: gracefully shutting down
2022/07/27 13:05:45 [notice] 34#34: exiting
2022/07/27 13:05:45 [notice] 35#35: gracefully shutting down
2022/07/27 13:05:45 [notice] 35#35: exiting
2022/07/27 13:05:45 [notice] 33#33: gracefully shutting down
2022/07/27 13:05:45 [notice] 33#33: exiting
2022/07/27 13:05:45 [notice] 32#32: exiting
2022/07/27 13:05:45 [notice] 34#34: exit
2022/07/27 13:05:45 [notice] 35#35: exit
2022/07/27 13:05:45 [notice] 33#33: exit
2022/07/27 13:05:45 [notice] 32#32: exit
2022/07/27 13:05:45 [notice] 1#1: signal 17 (SIGCHLD) received from 34
2022/07/27 13:05:45 [notice] 1#1: worker process 34 exited with code 0
2022/07/27 13:05:45 [notice] 1#1: signal 29 (SIGIO) received
2022/07/27 13:05:45 [notice] 1#1: signal 17 (SIGCHLD) received from 33
2022/07/27 13:05:45 [notice] 1#1: worker process 33 exited with code 0
2022/07/27 13:05:45 [notice] 1#1: worker process 32 exited with code 0
2022/07/27 13:05:45 [notice] 1#1: worker process 35 exited with code 0
2022/07/27 13:05:45 [notice] 1#1: exit
2022/07/27 13:06:22 [notice] 1#1: using the "epoll" event method
2022/07/27 13:06:22 [notice] 1#1: nginx/1.23.1
2022/07/27 13:06:22 [notice] 1#1: built by gcc 10.2.1 20210110 (Debian 10.2.1-6) 
2022/07/27 13:06:22 [notice] 1#1: OS: Linux 5.10.104-linuxkit
2022/07/27 13:06:22 [notice] 1#1: getrlimit(RLIMIT_NOFILE): 1048576:1048576
2022/07/27 13:06:22 [notice] 1#1: start worker processes
2022/07/27 13:06:22 [notice] 1#1: start worker process 22
2022/07/27 13:06:22 [notice] 1#1: start worker process 23
2022/07/27 13:06:22 [notice] 1#1: start worker process 24
2022/07/27 13:06:22 [notice] 1#1: start worker process 25
2022/07/27 13:06:27 [error] 23#23: *2 directory index of "/code/" is forbidden, client: 172.23.0.1, server: php-docker.local, request: "GET / HTTP/1.1", host: "127.0.0.1"
2022/07/27 13:07:32 [notice] 1#1: signal 3 (SIGQUIT) received, shutting down
2022/07/27 13:07:32 [notice] 22#22: gracefully shutting down
2022/07/27 13:07:32 [notice] 22#22: exiting
2022/07/27 13:07:32 [notice] 24#24: gracefully shutting down
2022/07/27 13:07:32 [notice] 23#23: gracefully shutting down
2022/07/27 13:07:32 [notice] 25#25: gracefully shutting down
2022/07/27 13:07:32 [notice] 22#22: exit
2022/07/27 13:07:32 [notice] 24#24: exiting
2022/07/27 13:07:32 [notice] 23#23: exiting
2022/07/27 13:07:32 [notice] 25#25: exiting
2022/07/27 13:07:32 [notice] 24#24: exit
2022/07/27 13:07:32 [notice] 23#23: exit
2022/07/27 13:07:32 [notice] 25#25: exit
2022/07/27 13:07:32 [notice] 1#1: signal 17 (SIGCHLD) received from 22
2022/07/27 13:07:32 [notice] 1#1: worker process 22 exited with code 0
2022/07/27 13:07:32 [notice] 1#1: signal 29 (SIGIO) received
2022/07/27 13:07:32 [notice] 1#1: signal 17 (SIGCHLD) received from 25
2022/07/27 13:07:32 [notice] 1#1: worker process 24 exited with code 0
2022/07/27 13:07:32 [notice] 1#1: worker process 25 exited with code 0
2022/07/27 13:07:32 [notice] 1#1: worker process 23 exited with code 0
2022/07/27 13:07:32 [notice] 1#1: exit
2022/07/27 13:09:47 [notice] 1#1: using the "epoll" event method
2022/07/27 13:09:47 [notice] 1#1: nginx/1.23.1
2022/07/27 13:09:47 [notice] 1#1: built by gcc 10.2.1 20210110 (Debian 10.2.1-6) 
2022/07/27 13:09:47 [notice] 1#1: OS: Linux 5.10.104-linuxkit
2022/07/27 13:09:47 [notice] 1#1: getrlimit(RLIMIT_NOFILE): 1048576:1048576
2022/07/27 13:09:47 [notice] 1#1: start worker processes
2022/07/27 13:09:47 [notice] 1#1: start worker process 22
2022/07/27 13:09:47 [notice] 1#1: start worker process 23
2022/07/27 13:09:47 [notice] 1#1: start worker process 24
2022/07/27 13:09:47 [notice] 1#1: start worker process 25
2022/07/27 13:10:08 [notice] 1#1: signal 3 (SIGQUIT) received, shutting down
2022/07/27 13:10:08 [notice] 23#23: gracefully shutting down
2022/07/27 13:10:08 [notice] 22#22: gracefully shutting down
2022/07/27 13:10:08 [notice] 25#25: gracefully shutting down
2022/07/27 13:10:08 [notice] 24#24: gracefully shutting down
2022/07/27 13:10:08 [notice] 24#24: exiting
2022/07/27 13:10:08 [notice] 23#23: exiting
2022/07/27 13:10:08 [notice] 22#22: exiting
2022/07/27 13:10:08 [notice] 25#25: exiting
2022/07/27 13:10:08 [notice] 24#24: exit
2022/07/27 13:10:08 [notice] 23#23: exit
2022/07/27 13:10:08 [notice] 22#22: exit
2022/07/27 13:10:08 [notice] 25#25: exit
2022/07/27 13:10:08 [notice] 1#1: signal 17 (SIGCHLD) received from 25
2022/07/27 13:10:08 [notice] 1#1: worker process 25 exited with code 0
2022/07/27 13:10:08 [notice] 1#1: signal 29 (SIGIO) received
2022/07/27 13:10:08 [notice] 1#1: signal 17 (SIGCHLD) received from 23
2022/07/27 13:10:08 [notice] 1#1: worker process 23 exited with code 0
2022/07/27 13:10:08 [notice] 1#1: worker process 22 exited with code 0
2022/07/27 13:10:08 [notice] 1#1: worker process 24 exited with code 0
2022/07/27 13:10:08 [notice] 1#1: exit
2022/07/27 13:10:11 [notice] 1#1: using the "epoll" event method
2022/07/27 13:10:11 [notice] 1#1: nginx/1.23.1
2022/07/27 13:10:11 [notice] 1#1: built by gcc 10.2.1 20210110 (Debian 10.2.1-6) 
2022/07/27 13:10:11 [notice] 1#1: OS: Linux 5.10.104-linuxkit
2022/07/27 13:10:11 [notice] 1#1: getrlimit(RLIMIT_NOFILE): 1048576:1048576
2022/07/27 13:10:11 [notice] 1#1: start worker processes
2022/07/27 13:10:11 [notice] 1#1: start worker process 22
2022/07/27 13:10:11 [notice] 1#1: start worker process 23
2022/07/27 13:10:11 [notice] 1#1: start worker process 24
2022/07/27 13:10:11 [notice] 1#1: start worker process 25
2022/07/27 13:10:41 [notice] 1#1: signal 3 (SIGQUIT) received, shutting down
2022/07/27 13:10:41 [notice] 22#22: gracefully shutting down
2022/07/27 13:10:41 [notice] 22#22: exiting
2022/07/27 13:10:41 [notice] 25#25: gracefully shutting down
2022/07/27 13:10:41 [notice] 25#25: exiting
2022/07/27 13:10:41 [notice] 23#23: gracefully shutting down
2022/07/27 13:10:41 [notice] 23#23: exiting
2022/07/27 13:10:41 [notice] 24#24: gracefully shutting down
2022/07/27 13:10:41 [notice] 24#24: exiting
2022/07/27 13:10:41 [notice] 22#22: exit
2022/07/27 13:10:41 [notice] 25#25: exit
2022/07/27 13:10:41 [notice] 23#23: exit
2022/07/27 13:10:41 [notice] 24#24: exit
2022/07/27 13:10:41 [notice] 1#1: signal 17 (SIGCHLD) received from 25
2022/07/27 13:10:41 [notice] 1#1: worker process 25 exited with code 0
2022/07/27 13:10:41 [notice] 1#1: signal 29 (SIGIO) received
2022/07/27 13:10:41 [notice] 1#1: signal 17 (SIGCHLD) received from 23
2022/07/27 13:10:41 [notice] 1#1: worker process 22 exited with code 0
2022/07/27 13:10:41 [notice] 1#1: worker process 23 exited with code 0
2022/07/27 13:10:41 [notice] 1#1: worker process 24 exited with code 0
2022/07/27 13:10:41 [notice] 1#1: exit
2022/07/27 13:11:32 [notice] 1#1: using the "epoll" event method
2022/07/27 13:11:32 [notice] 1#1: nginx/1.23.1
2022/07/27 13:11:32 [notice] 1#1: built by gcc 10.2.1 20210110 (Debian 10.2.1-6) 
2022/07/27 13:11:32 [notice] 1#1: OS: Linux 5.10.104-linuxkit
2022/07/27 13:11:32 [notice] 1#1: getrlimit(RLIMIT_NOFILE): 1048576:1048576
2022/07/27 13:11:32 [notice] 1#1: start worker processes
2022/07/27 13:11:32 [notice] 1#1: start worker process 23
2022/07/27 13:11:32 [notice] 1#1: start worker process 24
2022/07/27 13:11:32 [notice] 1#1: start worker process 25
2022/07/27 13:11:32 [notice] 1#1: start worker process 26
2022/07/27 13:11:35 [error] 23#23: *1 directory index of "/code/" is forbidden, client: 172.24.0.1, server: php-docker.local, request: "GET / HTTP/1.1", host: "127.0.0.1"
2022/07/27 13:43:54 [error] 25#25: *4 open() "/code/requestProvider.js.map" failed (2: No such file or directory), client: 172.24.0.1, server: php-docker.local, request: "GET /requestProvider.js.map HTTP/1.1", host: "127.0.0.1"
2022/07/27 13:44:17 [error] 25#25: *4 open() "/code/requestProvider.js.map" failed (2: No such file or directory), client: 172.24.0.1, server: php-docker.local, request: "GET /requestProvider.js.map HTTP/1.1", host: "127.0.0.1"
2022/07/27 13:45:12 [notice] 1#1: signal 3 (SIGQUIT) received, shutting down
2022/07/27 13:45:12 [notice] 23#23: gracefully shutting down
2022/07/27 13:45:12 [notice] 24#24: gracefully shutting down
2022/07/27 13:45:12 [notice] 26#26: gracefully shutting down
2022/07/27 13:45:12 [notice] 25#25: gracefully shutting down
2022/07/27 13:45:12 [notice] 23#23: exiting
2022/07/27 13:45:12 [notice] 24#24: exiting
2022/07/27 13:45:12 [notice] 26#26: exiting
2022/07/27 13:45:12 [notice] 25#25: exiting
2022/07/27 13:45:12 [notice] 23#23: exit
2022/07/27 13:45:12 [notice] 24#24: exit
2022/07/27 13:45:12 [notice] 26#26: exit
2022/07/27 13:45:12 [notice] 25#25: exit
2022/07/27 13:45:12 [notice] 1#1: signal 17 (SIGCHLD) received from 23
2022/07/27 13:45:12 [notice] 1#1: worker process 23 exited with code 0
2022/07/27 13:45:12 [notice] 1#1: worker process 24 exited with code 0
2022/07/27 13:45:12 [notice] 1#1: signal 29 (SIGIO) received
2022/07/27 13:45:12 [notice] 1#1: signal 17 (SIGCHLD) received from 26
2022/07/27 13:45:12 [notice] 1#1: worker process 25 exited with code 0
2022/07/27 13:45:12 [notice] 1#1: worker process 26 exited with code 0
2022/07/27 13:45:12 [notice] 1#1: exit
2022/07/27 13:45:16 [notice] 1#1: using the "epoll" event method
2022/07/27 13:45:16 [notice] 1#1: nginx/1.23.1
2022/07/27 13:45:16 [notice] 1#1: built by gcc 10.2.1 20210110 (Debian 10.2.1-6) 
2022/07/27 13:45:16 [notice] 1#1: OS: Linux 5.10.104-linuxkit
2022/07/27 13:45:16 [notice] 1#1: getrlimit(RLIMIT_NOFILE): 1048576:1048576
2022/07/27 13:45:16 [notice] 1#1: start worker processes
2022/07/27 13:45:16 [notice] 1#1: start worker process 22
2022/07/27 13:45:16 [notice] 1#1: start worker process 23
2022/07/27 13:45:16 [notice] 1#1: start worker process 24
2022/07/27 13:45:16 [notice] 1#1: start worker process 25
2022/07/27 13:45:17 [error] 22#22: *1 open() "/code/requestProvider.js.map" failed (2: No such file or directory), client: 172.24.0.1, server: php-docker.local, request: "GET /requestProvider.js.map HTTP/1.1", host: "127.0.0.1"
2022/07/27 13:46:09 [notice] 1#1: signal 3 (SIGQUIT) received, shutting down
2022/07/27 13:46:09 [notice] 22#22: gracefully shutting down
2022/07/27 13:46:09 [notice] 23#23: gracefully shutting down
2022/07/27 13:46:09 [notice] 24#24: gracefully shutting down
2022/07/27 13:46:09 [notice] 25#25: gracefully shutting down
2022/07/27 13:46:09 [notice] 23#23: exiting
2022/07/27 13:46:09 [notice] 23#23: exit
2022/07/27 13:46:09 [notice] 24#24: exiting
2022/07/27 13:46:09 [notice] 25#25: exiting
2022/07/27 13:46:09 [notice] 24#24: exit
2022/07/27 13:46:09 [notice] 25#25: exit
2022/07/27 13:46:09 [notice] 1#1: signal 17 (SIGCHLD) received from 23
2022/07/27 13:46:09 [notice] 1#1: worker process 23 exited with code 0
2022/07/27 13:46:09 [notice] 1#1: signal 29 (SIGIO) received
2022/07/27 13:46:09 [notice] 1#1: signal 17 (SIGCHLD) received from 24
2022/07/27 13:46:09 [notice] 1#1: worker process 24 exited with code 0
2022/07/27 13:46:09 [notice] 1#1: signal 29 (SIGIO) received
2022/07/27 13:46:09 [notice] 1#1: signal 17 (SIGCHLD) received from 25
2022/07/27 13:46:09 [notice] 1#1: worker process 25 exited with code 0
2022/07/27 13:46:09 [notice] 1#1: signal 29 (SIGIO) received
2022/07/27 13:46:13 [notice] 1#1: using the "epoll" event method
2022/07/27 13:46:13 [notice] 1#1: nginx/1.23.1
2022/07/27 13:46:13 [notice] 1#1: built by gcc 10.2.1 20210110 (Debian 10.2.1-6) 
2022/07/27 13:46:13 [notice] 1#1: OS: Linux 5.10.104-linuxkit
2022/07/27 13:46:13 [notice] 1#1: getrlimit(RLIMIT_NOFILE): 1048576:1048576
2022/07/27 13:46:13 [notice] 1#1: start worker processes
2022/07/27 13:46:13 [notice] 1#1: start worker process 22
2022/07/27 13:46:13 [notice] 1#1: start worker process 23
2022/07/27 13:46:13 [notice] 1#1: start worker process 24
2022/07/27 13:46:13 [notice] 1#1: start worker process 25
2022/07/27 13:46:14 [error] 22#22: *1 open() "/code/requestProvider.js.map" failed (2: No such file or directory), client: 172.24.0.1, server: php-docker.local, request: "GET /requestProvider.js.map HTTP/1.1", host: "127.0.0.1"
2022/07/27 13:46:36 [error] 22#22: *1 open() "/code/requestProvider.js.map" failed (2: No such file or directory), client: 172.24.0.1, server: php-docker.local, request: "GET /requestProvider.js.map HTTP/1.1", host: "127.0.0.1"
2022/07/27 13:46:57 [error] 22#22: *1 open() "/code/requestProvider.js.map" failed (2: No such file or directory), client: 172.24.0.1, server: php-docker.local, request: "GET /requestProvider.js.map HTTP/1.1", host: "127.0.0.1"
2022/07/27 13:47:08 [error] 22#22: *1 open() "/code/requestProvider.js.map" failed (2: No such file or directory), client: 172.24.0.1, server: php-docker.local, request: "GET /requestProvider.js.map HTTP/1.1", host: "127.0.0.1"
2022/07/27 13:48:31 [error] 25#25: *7 open() "/code/requestProvider.js.map" failed (2: No such file or directory), client: 172.24.0.1, server: php-docker.local, request: "GET /requestProvider.js.map HTTP/1.1", host: "127.0.0.1"
2022/07/27 13:48:55 [error] 25#25: *7 open() "/code/requestProvider.js.map" failed (2: No such file or directory), client: 172.24.0.1, server: php-docker.local, request: "GET /requestProvider.js.map HTTP/1.1", host: "127.0.0.1"
2022/07/27 13:49:20 [error] 25#25: *7 open() "/code/requestProvider.js.map" failed (2: No such file or directory), client: 172.24.0.1, server: php-docker.local, request: "GET /requestProvider.js.map HTTP/1.1", host: "127.0.0.1"
2022/07/27 13:49:42 [error] 25#25: *7 open() "/code/requestProvider.js.map" failed (2: No such file or directory), client: 172.24.0.1, server: php-docker.local, request: "GET /requestProvider.js.map HTTP/1.1", host: "127.0.0.1"
2022/07/27 13:50:04 [error] 25#25: *7 open() "/code/requestProvider.js.map" failed (2: No such file or directory), client: 172.24.0.1, server: php-docker.local, request: "GET /requestProvider.js.map HTTP/1.1", host: "127.0.0.1"
2022/07/27 13:50:18 [error] 25#25: *7 open() "/code/requestProvider.js.map" failed (2: No such file or directory), client: 172.24.0.1, server: php-docker.local, request: "GET /requestProvider.js.map HTTP/1.1", host: "127.0.0.1"
2022/07/27 13:51:26 [error] 23#23: *17 open() "/code/requestProvider.js.map" failed (2: No such file or directory), client: 172.24.0.1, server: php-docker.local, request: "GET /requestProvider.js.map HTTP/1.1", host: "127.0.0.1"
2022/07/27 13:52:09 [error] 23#23: *17 open() "/code/requestProvider.js.map" failed (2: No such file or directory), client: 172.24.0.1, server: php-docker.local, request: "GET /requestProvider.js.map HTTP/1.1", host: "127.0.0.1"
2022/07/27 13:52:24 [error] 23#23: *17 open() "/code/requestProvider.js.map" failed (2: No such file or directory), client: 172.24.0.1, server: php-docker.local, request: "GET /requestProvider.js.map HTTP/1.1", host: "127.0.0.1"
2022/07/27 13:53:01 [error] 23#23: *17 open() "/code/requestProvider.js.map" failed (2: No such file or directory), client: 172.24.0.1, server: php-docker.local, request: "GET /requestProvider.js.map HTTP/1.1", host: "127.0.0.1"
2022/07/27 13:53:42 [error] 23#23: *17 open() "/code/requestProvider.js.map" failed (2: No such file or directory), client: 172.24.0.1, server: php-docker.local, request: "GET /requestProvider.js.map HTTP/1.1", host: "127.0.0.1"
2022/07/27 13:54:01 [error] 23#23: *17 open() "/code/requestProvider.js.map" failed (2: No such file or directory), client: 172.24.0.1, server: php-docker.local, request: "GET /requestProvider.js.map HTTP/1.1", host: "127.0.0.1"
2022/07/27 13:54:08 [error] 23#23: *17 open() "/code/requestProvider.js.map" failed (2: No such file or directory), client: 172.24.0.1, server: php-docker.local, request: "GET /requestProvider.js.map HTTP/1.1", host: "127.0.0.1"
2022/07/27 13:54:21 [error] 23#23: *17 open() "/code/requestProvider.js.map" failed (2: No such file or directory), client: 172.24.0.1, server: php-docker.local, request: "GET /requestProvider.js.map HTTP/1.1", host: "127.0.0.1"
2022/07/27 13:54:37 [error] 23#23: *17 open() "/code/requestProvider.js.map" failed (2: No such file or directory), client: 172.24.0.1, server: php-docker.local, request: "GET /requestProvider.js.map HTTP/1.1", host: "127.0.0.1"
2022/07/27 13:56:02 [error] 22#22: *29 open() "/code/requestProvider.js.map" failed (2: No such file or directory), client: 172.24.0.1, server: php-docker.local, request: "GET /requestProvider.js.map HTTP/1.1", host: "127.0.0.1"
2022/07/27 13:56:09 [error] 22#22: *29 open() "/code/requestProvider.js.map" failed (2: No such file or directory), client: 172.24.0.1, server: php-docker.local, request: "GET /requestProvider.js.map HTTP/1.1", host: "127.0.0.1"
2022/07/27 14:32:30 [notice] 1#1: signal 3 (SIGQUIT) received, shutting down
2022/07/27 14:32:30 [notice] 25#25: gracefully shutting down
2022/07/27 14:32:30 [notice] 24#24: gracefully shutting down
2022/07/27 14:32:30 [notice] 24#24: exiting
2022/07/27 14:32:30 [notice] 23#23: gracefully shutting down
2022/07/27 14:32:30 [notice] 22#22: gracefully shutting down
2022/07/27 14:32:30 [notice] 25#25: exiting
2022/07/27 14:32:30 [notice] 24#24: exit
2022/07/27 14:32:30 [notice] 23#23: exiting
2022/07/27 14:32:30 [notice] 23#23: exit
2022/07/27 14:32:30 [notice] 22#22: exiting
2022/07/27 14:32:30 [notice] 25#25: exit
2022/07/27 14:32:30 [notice] 22#22: exit
2022/07/27 14:32:30 [notice] 1#1: signal 17 (SIGCHLD) received from 24
2022/07/27 14:32:30 [notice] 1#1: worker process 24 exited with code 0
2022/07/27 14:32:30 [notice] 1#1: signal 29 (SIGIO) received
2022/07/27 14:32:30 [notice] 1#1: signal 17 (SIGCHLD) received from 23
2022/07/27 14:32:30 [notice] 1#1: worker process 23 exited with code 0
2022/07/27 14:32:30 [notice] 1#1: signal 29 (SIGIO) received
2022/07/27 14:32:30 [notice] 1#1: signal 17 (SIGCHLD) received from 25
2022/07/27 14:32:30 [notice] 1#1: worker process 22 exited with code 0
2022/07/27 14:32:30 [notice] 1#1: worker process 25 exited with code 0
2022/07/27 14:32:30 [notice] 1#1: exit
2022/07/27 14:34:04 [notice] 1#1: using the "epoll" event method
2022/07/27 14:34:04 [notice] 1#1: nginx/1.23.1
2022/07/27 14:34:04 [notice] 1#1: built by gcc 10.2.1 20210110 (Debian 10.2.1-6) 
2022/07/27 14:34:04 [notice] 1#1: OS: Linux 5.10.104-linuxkit
2022/07/27 14:34:04 [notice] 1#1: getrlimit(RLIMIT_NOFILE): 1048576:1048576
2022/07/27 14:34:04 [notice] 1#1: start worker processes
2022/07/27 14:34:04 [notice] 1#1: start worker process 22
2022/07/27 14:34:04 [notice] 1#1: start worker process 23
2022/07/27 14:34:04 [notice] 1#1: start worker process 24
2022/07/27 14:34:04 [notice] 1#1: start worker process 25
2022/07/27 14:37:29 [notice] 1#1: signal 3 (SIGQUIT) received, shutting down
2022/07/27 14:37:29 [notice] 22#22: gracefully shutting down
2022/07/27 14:37:29 [notice] 24#24: gracefully shutting down
2022/07/27 14:37:29 [notice] 23#23: gracefully shutting down
2022/07/27 14:37:29 [notice] 25#25: gracefully shutting down
2022/07/27 14:37:29 [notice] 22#22: exiting
2022/07/27 14:37:29 [notice] 24#24: exiting
2022/07/27 14:37:29 [notice] 23#23: exiting
2022/07/27 14:37:29 [notice] 25#25: exiting
2022/07/27 14:37:29 [notice] 22#22: exit
2022/07/27 14:37:29 [notice] 24#24: exit
2022/07/27 14:37:29 [notice] 23#23: exit
2022/07/27 14:37:29 [notice] 25#25: exit
2022/07/27 14:37:29 [notice] 1#1: signal 17 (SIGCHLD) received from 23
2022/07/27 14:37:29 [notice] 1#1: worker process 22 exited with code 0
2022/07/27 14:37:29 [notice] 1#1: worker process 23 exited with code 0
2022/07/27 14:37:29 [notice] 1#1: worker process 24 exited with code 0
2022/07/27 14:37:29 [notice] 1#1: worker process 25 exited with code 0
2022/07/27 14:37:29 [notice] 1#1: exit
